This is pdfTeX, Version 3.141592653-2.6-1.40.27 (TeX Live 2025/nixos.org) (preloaded format=pdflatex 1980.1.1)  24 AUG 2025 14:12
entering extended mode
 restricted \write18 enabled.
 %&-line parsing enabled.
**english.tex
(./english.tex
LaTeX2e <2025-06-01> patch level 1
L3 programming layer <2025-06-09>

(/nix/store/w6p2va3ar44y89m5imfkp7vln1zrmmp7-texlive-2025-env-texmfdist/tex/lat
ex/base/article.cls
Document Class: article 2025/01/22 v1.4n Standard LaTeX document class

(/nix/store/w6p2va3ar44y89m5imfkp7vln1zrmmp7-texlive-2025-env-texmfdist/tex/lat
ex/base/size10.clo
File: size10.clo 2025/01/22 v1.4n Standard LaTeX file (size option)
)
\c@part=\count275
\c@section=\count276
\c@subsection=\count277
\c@subsubsection=\count278
\c@paragraph=\count279
\c@subparagraph=\count280
\c@figure=\count281
\c@table=\count282
\abovecaptionskip=\skip49
\belowcaptionskip=\skip50
\bibindent=\dimen148
)
(/nix/store/w6p2va3ar44y89m5imfkp7vln1zrmmp7-texlive-2025-env-texmfdist/tex/lat
ex/amscls/amsthm.sty
Package: amsthm 2020/05/29 v2.20.6
\thm@style=\toks17
\thm@bodyfont=\toks18
\thm@headfont=\toks19
\thm@notefont=\toks20
\thm@headpunct=\toks21
\thm@preskip=\skip51
\thm@postskip=\skip52
\thm@headsep=\skip53
\dth@everypar=\toks22
)
(/nix/store/w6p2va3ar44y89m5imfkp7vln1zrmmp7-texlive-2025-env-texmfdist/tex/lat
ex/amsfonts/amssymb.sty
Package: amssymb 2013/01/14 v3.01 AMS font symbols

(/nix/store/w6p2va3ar44y89m5imfkp7vln1zrmmp7-texlive-2025-env-texmfdist/tex/lat
ex/amsfonts/amsfonts.sty
Package: amsfonts 2013/01/14 v3.01 Basic AMSFonts support
\@emptytoks=\toks23
\symAMSa=\mathgroup4
\symAMSb=\mathgroup5
LaTeX Font Info:    Redeclaring math symbol \hbar on input line 98.
LaTeX Font Info:    Overwriting math alphabet `\mathfrak' in version `bold'
(Font)                  U/euf/m/n --> U/euf/b/n on input line 106.
))
(/nix/store/w6p2va3ar44y89m5imfkp7vln1zrmmp7-texlive-2025-env-texmfdist/tex/lat
ex/amsmath/amsmath.sty
Package: amsmath 2025/06/16 v2.17y AMS math features
\@mathmargin=\skip54

For additional information on amsmath, use the `?' option.

(/nix/store/w6p2va3ar44y89m5imfkp7vln1zrmmp7-texlive-2025-env-texmfdist/tex/lat
ex/amsmath/amstext.sty
Package: amstext 2024/11/17 v2.01 AMS text

(/nix/store/w6p2va3ar44y89m5imfkp7vln1zrmmp7-texlive-2025-env-texmfdist/tex/lat
ex/amsmath/amsgen.sty
File: amsgen.sty 1999/11/30 v2.0 generic functions
\@emptytoks=\toks24
\ex@=\dimen149
))
(/nix/store/w6p2va3ar44y89m5imfkp7vln1zrmmp7-texlive-2025-env-texmfdist/tex/lat
ex/amsmath/amsbsy.sty
Package: amsbsy 1999/11/29 v1.2d Bold Symbols
\pmbraise@=\dimen150
)
(/nix/store/w6p2va3ar44y89m5imfkp7vln1zrmmp7-texlive-2025-env-texmfdist/tex/lat
ex/amsmath/amsopn.sty
Package: amsopn 2022/04/08 v2.04 operator names
)
\inf@bad=\count283
LaTeX Info: Redefining \frac on input line 233.
\uproot@=\count284
\leftroot@=\count285
LaTeX Info: Redefining \overline on input line 398.
LaTeX Info: Redefining \colon on input line 409.
\classnum@=\count286
\DOTSCASE@=\count287
LaTeX Info: Redefining \ldots on input line 495.
LaTeX Info: Redefining \dots on input line 498.
LaTeX Info: Redefining \cdots on input line 619.
\Mathstrutbox@=\box53
\strutbox@=\box54
LaTeX Info: Redefining \big on input line 721.
LaTeX Info: Redefining \Big on input line 722.
LaTeX Info: Redefining \bigg on input line 723.
LaTeX Info: Redefining \Bigg on input line 724.
\big@size=\dimen151
LaTeX Font Info:    Redeclaring font encoding OML on input line 742.
LaTeX Font Info:    Redeclaring font encoding OMS on input line 743.
\macc@depth=\count288
LaTeX Info: Redefining \bmod on input line 904.
LaTeX Info: Redefining \pmod on input line 909.
LaTeX Info: Redefining \smash on input line 939.
LaTeX Info: Redefining \relbar on input line 969.
LaTeX Info: Redefining \Relbar on input line 970.
\c@MaxMatrixCols=\count289
\dotsspace@=\muskip17
\c@parentequation=\count290
\dspbrk@lvl=\count291
\tag@help=\toks25
\row@=\count292
\column@=\count293
\maxfields@=\count294
\andhelp@=\toks26
\eqnshift@=\dimen152
\alignsep@=\dimen153
\tagshift@=\dimen154
\tagwidth@=\dimen155
\totwidth@=\dimen156
\lineht@=\dimen157
\@envbody=\toks27
\multlinegap=\skip55
\multlinetaggap=\skip56
\mathdisplay@stack=\toks28
LaTeX Info: Redefining \[ on input line 2949.
LaTeX Info: Redefining \] on input line 2950.
)
(/nix/store/w6p2va3ar44y89m5imfkp7vln1zrmmp7-texlive-2025-env-texmfdist/tex/gen
eric/babel/babel.sty
Package: babel 2025/06/10 v25.10 The multilingual framework for pdfLaTeX, LuaLa
TeX and XeLaTeX
\babel@savecnt=\count295
LaTeX Encoding Info:    Redeclaring text command \ij (encoding OT1) on input li
ne 2043.
LaTeX Encoding Info:    Redeclaring text command \IJ (encoding OT1) on input li
ne 2045.
LaTeX Encoding Info:    Redeclaring text command \ij (encoding T1) on input lin
e 2047.
LaTeX Encoding Info:    Redeclaring text command \IJ (encoding T1) on input lin
e 2048.
LaTeX Encoding Info:    Ignoring declaration for text command \ij (encoding ?) 
on input line 2049.
LaTeX Encoding Info:    Ignoring declaration for text command \IJ (encoding ?) 
on input line 2051.
LaTeX Encoding Info:    Ignoring declaration for text command \SS (encoding ?) 
on input line 2076.
\U@D=\dimen158
\l@unhyphenated=\language90

(/nix/store/w6p2va3ar44y89m5imfkp7vln1zrmmp7-texlive-2025-env-texmfdist/tex/gen
eric/babel/txtbabel.def)
\bbl@readstream=\read2
\bbl@dirlevel=\count296

(/nix/store/w6p2va3ar44y89m5imfkp7vln1zrmmp7-texlive-2025-env-texmfdist/tex/gen
eric/babel-english/english.ldf
Language: english 2017/06/06 v3.3r English support from the babel system

(/nix/store/w6p2va3ar44y89m5imfkp7vln1zrmmp7-texlive-2025-env-texmfdist/tex/gen
eric/babel/locale/en/babel-english.tex
Package babel Info: Importing font and identification data for english
(babel)             from babel-en.ini. Reported on input line 11.
)
Package babel Info: Hyphen rules for 'canadian' set to \l@english
(babel)             (\language0). Reported on input line 102.
Package babel Info: Hyphen rules for 'australian' set to \l@ukenglish
(babel)             (\language22). Reported on input line 105.
Package babel Info: Hyphen rules for 'newzealand' set to \l@ukenglish
(babel)             (\language22). Reported on input line 108.
))
(/nix/store/w6p2va3ar44y89m5imfkp7vln1zrmmp7-texlive-2025-env-texmfdist/tex/lat
ex/base/inputenc.sty
Package: inputenc 2024/02/08 v1.3d Input encoding file
\inpenc@prehook=\toks29
\inpenc@posthook=\toks30
)
(/nix/store/w6p2va3ar44y89m5imfkp7vln1zrmmp7-texlive-2025-env-texmfdist/tex/lat
ex/graphics/graphicx.sty
Package: graphicx 2024/12/31 v1.2e Enhanced LaTeX Graphics (DPC,SPQR)

(/nix/store/w6p2va3ar44y89m5imfkp7vln1zrmmp7-texlive-2025-env-texmfdist/tex/lat
ex/graphics/keyval.sty
Package: keyval 2022/05/29 v1.15 key=value parser (DPC)
\KV@toks@=\toks31
)
(/nix/store/w6p2va3ar44y89m5imfkp7vln1zrmmp7-texlive-2025-env-texmfdist/tex/lat
ex/graphics/graphics.sty
Package: graphics 2024/08/06 v1.4g Standard LaTeX Graphics (DPC,SPQR)

(/nix/store/w6p2va3ar44y89m5imfkp7vln1zrmmp7-texlive-2025-env-texmfdist/tex/lat
ex/graphics/trig.sty
Package: trig 2023/12/02 v1.11 sin cos tan (DPC)
)
(/nix/store/w6p2va3ar44y89m5imfkp7vln1zrmmp7-texlive-2025-env-texmfdist/tex/lat
ex/graphics-cfg/graphics.cfg
File: graphics.cfg 2016/06/04 v1.11 sample graphics configuration
)
Package graphics Info: Driver file: pdftex.def on input line 106.

(/nix/store/w6p2va3ar44y89m5imfkp7vln1zrmmp7-texlive-2025-env-texmfdist/tex/lat
ex/graphics-def/pdftex.def
File: pdftex.def 2024/04/13 v1.2c Graphics/color driver for pdftex
))
\Gin@req@height=\dimen159
\Gin@req@width=\dimen160
)
(/nix/store/w6p2va3ar44y89m5imfkp7vln1zrmmp7-texlive-2025-env-texmfdist/tex/lat
ex/float/float.sty
Package: float 2001/11/08 v1.3d Float enhancements (AL)
\c@float@type=\count297
\float@exts=\toks32
\float@box=\box55
\@float@everytoks=\toks33
\@floatcapt=\box56
)
(/nix/store/w6p2va3ar44y89m5imfkp7vln1zrmmp7-texlive-2025-env-texmfdist/tex/lat
ex/ragged2e/ragged2e.sty
Package: ragged2e 2023/06/22 v3.6 ragged2e Package
\CenteringLeftskip=\skip57
\RaggedLeftLeftskip=\skip58
\RaggedRightLeftskip=\skip59
\CenteringRightskip=\skip60
\RaggedLeftRightskip=\skip61
\RaggedRightRightskip=\skip62
\CenteringParfillskip=\skip63
\RaggedLeftParfillskip=\skip64
\RaggedRightParfillskip=\skip65
\JustifyingParfillskip=\skip66
\CenteringParindent=\skip67
\RaggedLeftParindent=\skip68
\RaggedRightParindent=\skip69
\JustifyingParindent=\skip70
)
(/nix/store/w6p2va3ar44y89m5imfkp7vln1zrmmp7-texlive-2025-env-texmfdist/tex/lat
ex/fancyhdr/fancyhdr.sty
Package: fancyhdr 2025/02/07 v5.2 Extensive control of page headers and footers

\f@nch@headwidth=\skip71
\f@nch@offset@elh=\skip72
\f@nch@offset@erh=\skip73
\f@nch@offset@olh=\skip74
\f@nch@offset@orh=\skip75
\f@nch@offset@elf=\skip76
\f@nch@offset@erf=\skip77
\f@nch@offset@olf=\skip78
\f@nch@offset@orf=\skip79
\f@nch@height=\skip80
\f@nch@footalignment=\skip81
\f@nch@widthL=\skip82
\f@nch@widthC=\skip83
\f@nch@widthR=\skip84
\@temptokenb=\toks34
)
(/nix/store/w6p2va3ar44y89m5imfkp7vln1zrmmp7-texlive-2025-env-texmfdist/tex/lat
ex/titlesec/titlesec.sty
Package: titlesec 2025/01/04 v2.17 Sectioning titles
\ttl@box=\box57
\beforetitleunit=\skip85
\aftertitleunit=\skip86
\ttl@plus=\dimen161
\ttl@minus=\dimen162
\ttl@toksa=\toks35
\titlewidth=\dimen163
\titlewidthlast=\dimen164
\titlewidthfirst=\dimen165
)
(/nix/store/w6p2va3ar44y89m5imfkp7vln1zrmmp7-texlive-2025-env-texmfdist/tex/lat
ex/caption/caption.sty
Package: caption 2023/08/05 v3.6o Customizing captions (AR)

(/nix/store/w6p2va3ar44y89m5imfkp7vln1zrmmp7-texlive-2025-env-texmfdist/tex/lat
ex/caption/caption3.sty
Package: caption3 2023/07/31 v2.4d caption3 kernel (AR)
\caption@tempdima=\dimen166
\captionmargin=\dimen167
\caption@leftmargin=\dimen168
\caption@rightmargin=\dimen169
\caption@width=\dimen170
\caption@indent=\dimen171
\caption@parindent=\dimen172
\caption@hangindent=\dimen173
Package caption Info: Standard document class detected.
)
\c@caption@flags=\count298
\c@continuedfloat=\count299
Package caption Info: float package is loaded.
)
(/nix/store/w6p2va3ar44y89m5imfkp7vln1zrmmp7-texlive-2025-env-texmfdist/tex/lat
ex/geometry/geometry.sty
Package: geometry 2020/01/02 v5.9 Page Geometry

(/nix/store/w6p2va3ar44y89m5imfkp7vln1zrmmp7-texlive-2025-env-texmfdist/tex/gen
eric/iftex/ifvtex.sty
Package: ifvtex 2019/10/25 v1.7 ifvtex legacy package. Use iftex instead.

(/nix/store/w6p2va3ar44y89m5imfkp7vln1zrmmp7-texlive-2025-env-texmfdist/tex/gen
eric/iftex/iftex.sty
Package: iftex 2024/12/12 v1.0g TeX engine tests
))
\Gm@cnth=\count300
\Gm@cntv=\count301
\c@Gm@tempcnt=\count302
\Gm@bindingoffset=\dimen174
\Gm@wd@mp=\dimen175
\Gm@odd@mp=\dimen176
\Gm@even@mp=\dimen177
\Gm@layoutwidth=\dimen178
\Gm@layoutheight=\dimen179
\Gm@layouthoffset=\dimen180
\Gm@layoutvoffset=\dimen181
\Gm@dimlist=\toks36


Package geometry Warning: Over-specification in `h'-direction.
    `width' (449.55362pt) is ignored.


Package geometry Warning: Over-specification in `v'-direction.
    `height' (792.97815pt) is ignored.

)
LaTeX Font Info:    Trying to load font information for OT1+phv on input line 5
7.

(/nix/store/w6p2va3ar44y89m5imfkp7vln1zrmmp7-texlive-2025-env-texmfdist/tex/lat
ex/psnfss/ot1phv.fd
File: ot1phv.fd 2020/03/25 scalable font definitions for OT1/phv.
)
(/nix/store/w6p2va3ar44y89m5imfkp7vln1zrmmp7-texlive-2025-env-texmfdist/tex/lat
ex/l3backend/l3backend-pdftex.def
File: l3backend-pdftex.def 2025-06-09 L3 backend support: PDF output (pdfTeX)
\l__color_backend_stack_int=\count303
) (./english.aux)
\openout1 = `english.aux'.

LaTeX Font Info:    Checking defaults for OML/cmm/m/it on input line 57.
LaTeX Font Info:    ... okay on input line 57.
LaTeX Font Info:    Checking defaults for OMS/cmsy/m/n on input line 57.
LaTeX Font Info:    ... okay on input line 57.
LaTeX Font Info:    Checking defaults for OT1/cmr/m/n on input line 57.
LaTeX Font Info:    ... okay on input line 57.
LaTeX Font Info:    Checking defaults for T1/cmr/m/n on input line 57.
LaTeX Font Info:    ... okay on input line 57.
LaTeX Font Info:    Checking defaults for TS1/cmr/m/n on input line 57.
LaTeX Font Info:    ... okay on input line 57.
LaTeX Font Info:    Checking defaults for OMX/cmex/m/n on input line 57.
LaTeX Font Info:    ... okay on input line 57.
LaTeX Font Info:    Checking defaults for U/cmr/m/n on input line 57.
LaTeX Font Info:    ... okay on input line 57.

(/nix/store/w6p2va3ar44y89m5imfkp7vln1zrmmp7-texlive-2025-env-texmfdist/tex/con
text/base/mkii/supp-pdf.mkii
[Loading MPS to PDF converter (version 2006.09.02).]
\scratchcounter=\count304
\scratchdimen=\dimen182
\scratchbox=\box58
\nofMPsegments=\count305
\nofMParguments=\count306
\everyMPshowfont=\toks37
\MPscratchCnt=\count307
\MPscratchDim=\dimen183
\MPnumerator=\count308
\makeMPintoPDFobject=\count309
\everyMPtoPDFconversion=\toks38
)
(/nix/store/w6p2va3ar44y89m5imfkp7vln1zrmmp7-texlive-2025-env-texmfdist/tex/lat
ex/epstopdf-pkg/epstopdf-base.sty
Package: epstopdf-base 2020-01-24 v2.11 Base part for package epstopdf
Package epstopdf-base Info: Redefining graphics rule for `.eps' on input line 4
85.

(/nix/store/w6p2va3ar44y89m5imfkp7vln1zrmmp7-texlive-2025-env-texmfdist/tex/lat
ex/latexconfig/epstopdf-sys.cfg
File: epstopdf-sys.cfg 2010/07/13 v1.3 Configuration of (r)epstopdf for TeX Liv
e
))
Package caption Info: Begin \AtBeginDocument code.
Package caption Info: End \AtBeginDocument code.

*geometry* driver: auto-detecting
*geometry* detected driver: pdftex
*geometry* verbose mode - [ preamble ] result:
* driver: pdftex
* paper: custom
* layout: <custom>
* layout(width,height): (597.50787pt,845.04684pt)
* layoutoffset:(h,v)=(0.0pt,0.0pt)
* modes: includehead 
* h-part:(L,W,R)=(73.97733pt, 449.55322pt, 73.97733pt)
* v-part:(T,H,B)=(35.56593pt, 689.97943pt, 119.50148pt)
* \paperwidth=597.50787pt
* \paperheight=845.04675pt
* \textwidth=449.55322pt
* \textheight=562.7956pt
* \oddsidemargin=1.70734pt
* \evensidemargin=1.70734pt
* \topmargin=-36.70406pt
* \headheight=97.02399pt
* \headsep=30.15985pt
* \topskip=10.0pt
* \footskip=30.0pt
* \marginparwidth=4.0pt
* \marginparsep=10.0pt
* \columnsep=22.76228pt
* \skip\footins=9.0pt plus 4.0pt minus 2.0pt
* \hoffset=0.0pt
* \voffset=0.0pt
* \mag=1000
* \@twocolumntrue
* \@twosidefalse
* \@mparswitchfalse
* \@reversemarginfalse
* (1in=72.27pt=25.4mm, 1cm=28.453pt)

LaTeX Font Info:    Trying to load font information for U+msa on input line 86.


(/nix/store/w6p2va3ar44y89m5imfkp7vln1zrmmp7-texlive-2025-env-texmfdist/tex/lat
ex/amsfonts/umsa.fd
File: umsa.fd 2013/01/14 v3.01 AMS symbols A
)
LaTeX Font Info:    Trying to load font information for U+msb on input line 86.


(/nix/store/w6p2va3ar44y89m5imfkp7vln1zrmmp7-texlive-2025-env-texmfdist/tex/lat
ex/amsfonts/umsb.fd
File: umsb.fd 2013/01/14 v3.01 AMS symbols B
)

<graficoest-en.pdf, id=1, 602.25pt x 401.5pt>
File: graficoest-en.pdf Graphic file (type pdf)
<use graficoest-en.pdf>
Package pdftex.def Info: graficoest-en.pdf  used on input line 132.
(pdftex.def)             Requested size: 213.39566pt x 142.26698pt.

Underfull \vbox (badness 10000) has occurred while \output is active []



<logo_siicusp.jpg, id=2, 602.25pt x 602.25pt>
File: logo_siicusp.jpg Graphic file (type jpg)
<use logo_siicusp.jpg>
Package pdftex.def Info: logo_siicusp.jpg  used on input line 137.
(pdftex.def)             Requested size: 97.02399pt x 97.0236pt.

Package fancyhdr Warning: \headheight is too small (97.02399pt): 
(fancyhdr)                Make it at least 100.62364pt, for example:
(fancyhdr)                \setlength{\headheight}{100.62364pt}.
(fancyhdr)                You might also make \topmargin smaller:
(fancyhdr)                \addtolength{\topmargin}{-3.59966pt}.

[1{/nix/store/dy61w96cncqhnwbz5p70w0ccyh0nnx3k-texlive-2025-env/share/texmf-var
/fonts/map/pdftex/updmap/pdftex.map}{/nix/store/w6p2va3ar44y89m5imfkp7vln1zrmmp
7-texlive-2025-env-texmfdist/fonts/enc/dvips/base/8r.enc}


 <./logo_siicusp.jpg>]
<boxplots-en.pdf, id=15, 602.25pt x 401.5pt>
File: boxplots-en.pdf Graphic file (type pdf)
<use boxplots-en.pdf>
Package pdftex.def Info: boxplots-en.pdf  used on input line 147.
(pdftex.def)             Requested size: 213.39566pt x 142.26698pt.



Underfull \hbox (badness 1019) in paragraph at lines 163--169
\OT1/phv/m/n/10 in-tu-ition, un-der-grad-u-ates can for-mu-late fresh
 []

(./english.bbl
LaTeX Font Info:    Font shape `OT1/phv/m/it' in size <10> not available
(Font)              Font shape `OT1/phv/m/sl' tried instead on input line 20.


File: logo_siicusp.jpg Graphic file (type jpg)
<use logo_siicusp.jpg>
Package pdftex.def Info: logo_siicusp.jpg  used on input line 22.
(pdftex.def)             Requested size: 97.02399pt x 97.0236pt.

Package fancyhdr Warning: \headheight is too small (97.02399pt): 
(fancyhdr)                Make it at least 100.62364pt, for example:
(fancyhdr)                \setlength{\headheight}{100.62364pt}.
(fancyhdr)                You might also make \topmargin smaller:
(fancyhdr)                \addtolength{\topmargin}{-3.59966pt}.

[2 <./graficoest-en.pdf> <./boxplots-en.pdf>])



File: logo_siicusp.jpg Graphic file (type jpg)
<use logo_siicusp.jpg>
Package pdftex.def Info: logo_siicusp.jpg  used on input line 186.
(pdftex.def)             Requested size: 97.02399pt x 97.0236pt.

Package fancyhdr Warning: \headheight is too small (97.02399pt): 
(fancyhdr)                Make it at least 100.62364pt, for example:
(fancyhdr)                \setlength{\headheight}{100.62364pt}.
(fancyhdr)                You might also make \topmargin smaller:
(fancyhdr)                \addtolength{\topmargin}{-3.59966pt}.

[3

] (./english.aux)
 ***********
LaTeX2e <2025-06-01> patch level 1
L3 programming layer <2025-06-09>
 ***********
 ) 
Here is how much of TeX's memory you used:
 6489 strings out of 467890
 110371 string characters out of 5410143
 524988 words of memory out of 5000000
 34980 multiletter control sequences out of 15000+600000
 637323 words of font info for 58 fonts, out of 8000000 for 9000
 1141 hyphenation exceptions out of 8191
 57i,15n,65p,233b,514s stack positions out of 10000i,1000n,20000p,200000b,200000s
</nix/store/w6p2va3ar44y89m5imfkp7vln1zrmmp7-texlive-2025-env-texmfdist/fonts
/type1/public/amsfonts/cm/cmmi10.pfb></nix/store/w6p2va3ar44y89m5imfkp7vln1zrmm
p7-texlive-2025-env-texmfdist/fonts/type1/public/amsfonts/cm/cmmi7.pfb></nix/st
ore/w6p2va3ar44y89m5imfkp7vln1zrmmp7-texlive-2025-env-texmfdist/fonts/type1/pub
lic/amsfonts/cm/cmr10.pfb></nix/store/w6p2va3ar44y89m5imfkp7vln1zrmmp7-texlive-
2025-env-texmfdist/fonts/type1/public/amsfonts/cm/cmsy10.pfb></nix/store/w6p2va
3ar44y89m5imfkp7vln1zrmmp7-texlive-2025-env-texmfdist/fonts/type1/public/amsfon
ts/symbols/msbm10.pfb></nix/store/w6p2va3ar44y89m5imfkp7vln1zrmmp7-texlive-2025
-env-texmfdist/fonts/type1/urw/helvetic/uhvb8a.pfb></nix/store/w6p2va3ar44y89m5
imfkp7vln1zrmmp7-texlive-2025-env-texmfdist/fonts/type1/urw/helvetic/uhvr8a.pfb
></nix/store/w6p2va3ar44y89m5imfkp7vln1zrmmp7-texlive-2025-env-texmfdist/fonts/
type1/urw/helvetic/uhvro8a.pfb>
Output written on english.pdf (3 pages, 522991 bytes).
PDF statistics:
 60 PDF objects out of 1000 (max. 8388607)
 35 compressed objects within 1 object stream
 0 named destinations out of 1000 (max. 500000)
 16 words of extra memory for PDF output out of 10000 (max. 10000000)

